Change Component Designator: OldDesignator=C? NewDesignator=C1
Change Component Designator: OldDesignator=P? NewDesignator=P4
Added Component: Designator=P2(HDR1X2H)
Add component (AddParameter): Name = "LatestRevisionDate"; Value = "17-Jul-2002"; VariantName = "[No Variations]"
Add component (AddParameter): Name = "LatestRevisionNote"; Value = "Re-released for DXP Platform."; VariantName = "[No Variations]"
Add component (AddParameter): Name = "Publisher"; Value = "Altium Limited"; VariantName = "[No Variations]"
Added Component: Designator=P3(HDR1X2H)
Add component (AddParameter): Name = "LatestRevisionDate"; Value = "17-Jul-2002"; VariantName = "[No Variations]"
Add component (AddParameter): Name = "LatestRevisionNote"; Value = "Re-released for DXP Platform."; VariantName = "[No Variations]"
Add component (AddParameter): Name = "Publisher"; Value = "Altium Limited"; VariantName = "[No Variations]"
Change Net Name : Old Net Name=NetP?_3 New Net Name=NetP4_3
Change Net Name : Old Net Name=NetP?_4 New Net Name=NetP4_4
Change Net Name : Old Net Name=NetP?_5 New Net Name=NetP4_5
Change Net Name : Old Net Name=NetP?_6 New Net Name=NetP4_6
Added Pin To Net: NetName=NetP2_1 Pin=P2-1
Added Pin To Net: NetName=NetP2_1 Pin=Q4-S
Added Pin To Net: NetName=NetP2_1 Pin=Q8-D
Added Net: Name=NetP2_1
Added Pin To Net: NetName=NetP2_2 Pin=P2-2
Added Pin To Net: NetName=NetP2_2 Pin=Q3-S
Added Pin To Net: NetName=NetP2_2 Pin=Q5-D
Added Net: Name=NetP2_2
Added Pin To Net: NetName=NetP3_1 Pin=P3-1
Added Pin To Net: NetName=NetP3_1 Pin=Q2-S
Added Pin To Net: NetName=NetP3_1 Pin=Q7-D
Added Net: Name=NetP3_1
Added Pin To Net: NetName=NetP3_2 Pin=P3-2
Added Pin To Net: NetName=NetP3_2 Pin=Q1-S
Added Pin To Net: NetName=NetP3_2 Pin=Q6-D
Added Net: Name=NetP3_2
Added Member To Class: ClassName=main Member=Component P2 Spole 2
Added Member To Class: ClassName=main Member=Component P3 Spole 1
